<?xml version="1.0" encoding="UTF-8"?>
<!-- Generated by org.testng.reporters.JUnitXMLReporter -->
<testsuite ignored="1" hostname="MAC-OBS-36.local" failures="1" tests="5" name="NopCommerce Tests 2" time="12.165" errors="0" timestamp="2024-02-16T00:35:48 IST">
  <testcase classname="com.nopcommerce.web.testcases.LoginTest" name="verifyLoginWithoutCredentials" time="1.457"/>
  <testcase classname="com.nopcommerce.web.testcases.LoginTest" name="verifyLoginWithoutPassword" time="1.423">
    <failure type="java.lang.AssertionError" message="null">
      <![CDATA[java.lang.AssertionError: null
at com.nopcommerce.web.testcases.LoginTest.verifyLoginWithoutPassword(LoginTest.java:33)
at java.base/java.util.ArrayList.forEach(ArrayList.java:1541)
... Removed 29 stack frames]]>
    </failure>
  </testcase> <!-- verifyLoginWithoutPassword -->
  <testcase classname="com.nopcommerce.web.testcases.LoginTest" name="verifyLogin" time="1.573"/>
  <testcase classname="com.nopcommerce.web.testcases.RegisterTest" name="registerWithoutUserData" time="1.144"/>
  <testcase classname="com.nopcommerce.web.testcases.RegisterTest" name="registerNewUser" time="4.563"/>
  <testcase classname="com.nopcommerce.web.driverbase.BrowserBase" name="@AfterSuite tearDown" time="0.0">
    <ignored/>
  </testcase> <!-- @AfterSuite tearDown -->
</testsuite> <!-- NopCommerce Tests 2 -->
